------------------------------------------------------------------------------

   WARNING: shadow-cljs not installed in project.
   See https://shadow-cljs.github.io/docs/UsersGuide.html#project-install

------------------------------------------------------------------------------
shadow-cljs - config: /Users/paulcristian/Projects/zgen/wizard-screenshots/shadow-cljs.edn
shadow-cljs - server version: 2.28.10 running at http://localhost:9630
shadow-cljs - nREPL server started on port 64353
shadow-cljs - watching build :backend
[:backend] Configuring build.
[:backend] Compiling ...
[:backend] Build completed. (140 files, 2 compiled, 3 warnings, 1.54s)

[1m------ WARNING #1 - :infer-warning ---------------------------------------------[0m
 File: /Users/paulcristian/Projects/zgen/wizard-screenshots/source-code/backend/cloudflare/upload.cljs:20:46
--------------------------------------------------------------------------------
[2m  17 |   (.append form-data "metadata" (.stringify js/JSON (clj->js {:hello "there"})))[0m
[2m  18 |   (-> (axios/post cloudflare-update-url form-data[0m
[2m  19 |                   (clj->js[0m
[1m  20 |                    {:headers (merge (js->clj (.getHeaders  form-data))[0m
----------------------------------------------------^---------------------------
 [33;1mCannot infer target type in expression (. form-data getHeaders)[0m
--------------------------------------------------------------------------------
[2m  21 |                                     {"Authorization" (str "Bearer " cloudflare-api-token)})}))[0m
[2m  22 |       (.then (fn [response][0m
[2m  23 |                (let [cloudflare-id (-> response .-data .-result .-id)] [0m
[2m  24 |                  (if success-fn [0m
--------------------------------------------------------------------------------

[1m------ WARNING #2 - :undeclared-var --------------------------------------------[0m
 File: /Users/paulcristian/Projects/zgen/wizard-screenshots/source-code/backend/privy/core.cljs:8:36
--------------------------------------------------------------------------------
[2m   5 |             [backend.utils :refer [js->>clj]][0m
[2m   6 |             [config :as config]))[0m
[2m   7 | [0m
[1m   8 | (def privy-client (new PrivyClient config/privy-app-id config/privy-app-secret))[0m
------------------------------------------^-------------------------------------
 [33;1mUse of undeclared Var config/privy-app-id[0m
--------------------------------------------------------------------------------
[2m   9 | [0m
[2m  10 | [0m
[2m  11 | (defn get-token [^js req][0m
[2m  12 |   (-> req .-headers .-authorization))[0m
--------------------------------------------------------------------------------

[1m------ WARNING #3 - :undeclared-var --------------------------------------------[0m
 File: /Users/paulcristian/Projects/zgen/wizard-screenshots/source-code/backend/privy/core.cljs:8:56
--------------------------------------------------------------------------------
[2m   5 |             [backend.utils :refer [js->>clj]][0m
[2m   6 |             [config :as config]))[0m
[2m   7 | [0m
[1m   8 | (def privy-client (new PrivyClient config/privy-app-id config/privy-app-secret))[0m
--------------------------------------------------------------^-----------------
 [33;1mUse of undeclared Var config/privy-app-secret[0m
--------------------------------------------------------------------------------
[2m   9 | [0m
[2m  10 | [0m
[2m  11 | (defn get-token [^js req][0m
[2m  12 |   (-> req .-headers .-authorization))[0m
--------------------------------------------------------------------------------
Worker shutdown.
